<?xml version="1.0" encoding="UTF-8" standalone="no"?><testsuite errors="0" failures="2" name="Admin &amp; User UI – Category Management" skipped="0" tests="10" time="9.73" timestamp="2026-06-13 05:02:18"><testcase name="TC-UI-CAT-A01 Verify that Admin can view the category list"/><testcase name="TC-UI-CAT-A02 Verify that Admin can add a new main category with valid name"/><testcase name="TC-UI-CAT-A03 Verify that Validation error when category name is empty"/><testcase name="TC-UI-CAT-A04 Verify that Validation error when name is shorter than 3 characters"/><testcase name="TC-UI-CAT-A05 Verify that Admin can delete a category - no confirmation dialog expected per SRS"><failure message="Unexpected confirmation dialog appeared after clicking Delete. SRS Section 5.1 does not document any confirmation prompt — this is an over-implementation (undocumented behaviour)." type="java.lang.AssertionError">Unexpected confirmation dialog appeared after clicking Delete. SRS Section 5.1 does not document any confirmation prompt — this is an over-implementation (undocumented behaviour).</failure><system-err>Unexpected confirmation dialog appeared after clicking Delete. SRS Section 5.1 does not document any confirmation prompt — this is an over-implementation (undocumented behaviour).
qatraining.pages.CategoryListPage.verifyNoConfirmationDialog(CategoryListPage.java:163)
qatraining.steps.UiCategorySteps.verifyNoConfirmationDialog(UiCategorySteps.java:138)
net.thucydides.core.steps.StepInterceptor.invokeMethod(StepInterceptor.java:519)
net.thucydides.core.steps.StepInterceptor.executeTestStepMethod(StepInterceptor.java:499)
net.thucydides.core.steps.StepInterceptor.runTestStep(StepInterceptor.java:471)
net.thucydides.core.steps.StepInterceptor.runOrSkipMethod(StepInterceptor.java:213)
net.thucydides.core.steps.StepInterceptor.testStepResult(StepInterceptor.java:200)
net.thucydides.core.steps.StepInterceptor.intercept(StepInterceptor.java:92)
qatraining.steps.CategoryStepDefs.noConfirmationDialogShouldAppear(CategoryStepDefs.java:346)
io.cucumber.java.Invoker.doInvoke(Invoker.java:66)
io.cucumber.java.Invoker.invoke(Invoker.java:24)
io.cucumber.java.AbstractGlueDefinition.invokeMethod(AbstractGlueDefinition.java:47)
io.cucumber.java.JavaStepDefinition.execute(JavaStepDefinition.java:29)
io.cucumber.core.runner.CoreStepDefinition.execute(CoreStepDefinition.java:66)
io.cucumber.core.runner.PickleStepDefinitionMatch.runStep(PickleStepDefinitionMatch.java:63)
io.cucumber.core.runner.TestStep.executeStep(TestStep.java:84)
io.cucumber.core.runner.TestStep.run(TestStep.java:56)
io.cucumber.core.runner.PickleStepTestStep.run(PickleStepTestStep.java:51)
io.cucumber.core.runner.TestCase.run(TestCase.java:84)
io.cucumber.core.runner.Runner.runPickle(Runner.java:75)
io.cucumber.core.runtime.CucumberExecutionContext.lambda$runTestCase$5(CucumberExecutionContext.java:137)
io.cucumber.core.runtime.RethrowingThrowableCollector.executeAndThrow(RethrowingThrowableCollector.java:23)
io.cucumber.core.runtime.CucumberExecutionContext.runTestCase(CucumberExecutionContext.java:137)
io.cucumber.junit.FeatureRunner.runChild(FeatureRunner.java:144)
io.cucumber.junit.FeatureRunner.runChild(FeatureRunner.java:28)
io.cucumber.junit.FeatureRunner.run(FeatureRunner.java:137)
io.cucumber.junit.CucumberSerenityBaseRunner.runChild(CucumberSerenityBaseRunner.java:332)
io.cucumber.junit.CucumberSerenityBaseRunner.runChild(CucumberSerenityBaseRunner.java:53)
</system-err></testcase><testcase name="TC-UI-CAT-U01 Verify that User can view category list in read-only mode"><failure message="[Edit button should be hidden for normal User] &#10;Expecting value to be false but was true" type="org.opentest4j.AssertionFailedError">[Edit button should be hidden for normal User] 
Expecting value to be false but was true</failure><system-err>[Edit button should be hidden for normal User] 
Expecting value to be false but was true
qatraining.steps.UiCategorySteps.verifyEditDeleteHidden(UiCategorySteps.java:195)
net.thucydides.core.steps.StepInterceptor.invokeMethod(StepInterceptor.java:519)
net.thucydides.core.steps.StepInterceptor.executeTestStepMethod(StepInterceptor.java:499)
net.thucydides.core.steps.StepInterceptor.runTestStep(StepInterceptor.java:471)
net.thucydides.core.steps.StepInterceptor.runOrSkipMethod(StepInterceptor.java:213)
net.thucydides.core.steps.StepInterceptor.testStepResult(StepInterceptor.java:200)
net.thucydides.core.steps.StepInterceptor.intercept(StepInterceptor.java:92)
qatraining.steps.CategoryStepDefs.editDeleteHidden(CategoryStepDefs.java:328)
io.cucumber.java.Invoker.doInvoke(Invoker.java:66)
io.cucumber.java.Invoker.invoke(Invoker.java:24)
io.cucumber.java.AbstractGlueDefinition.invokeMethod(AbstractGlueDefinition.java:47)
io.cucumber.java.JavaStepDefinition.execute(JavaStepDefinition.java:29)
io.cucumber.core.runner.CoreStepDefinition.execute(CoreStepDefinition.java:66)
io.cucumber.core.runner.PickleStepDefinitionMatch.runStep(PickleStepDefinitionMatch.java:63)
io.cucumber.core.runner.TestStep.executeStep(TestStep.java:84)
io.cucumber.core.runner.TestStep.run(TestStep.java:56)
io.cucumber.core.runner.PickleStepTestStep.run(PickleStepTestStep.java:51)
io.cucumber.core.runner.TestCase.run(TestCase.java:84)
io.cucumber.core.runner.Runner.runPickle(Runner.java:75)
io.cucumber.core.runtime.CucumberExecutionContext.lambda$runTestCase$5(CucumberExecutionContext.java:137)
io.cucumber.core.runtime.RethrowingThrowableCollector.executeAndThrow(RethrowingThrowableCollector.java:23)
io.cucumber.core.runtime.CucumberExecutionContext.runTestCase(CucumberExecutionContext.java:137)
io.cucumber.junit.FeatureRunner.runChild(FeatureRunner.java:144)
io.cucumber.junit.FeatureRunner.runChild(FeatureRunner.java:28)
io.cucumber.junit.FeatureRunner.run(FeatureRunner.java:137)
io.cucumber.junit.CucumberSerenityBaseRunner.runChild(CucumberSerenityBaseRunner.java:332)
io.cucumber.junit.CucumberSerenityBaseRunner.runChild(CucumberSerenityBaseRunner.java:53)
</system-err></testcase><testcase name="TC-UI-CAT-U02 Verify that User can search categories by name"/><testcase name="TC-UI-CAT-U03 Verify that User can filter categories by parent"/><testcase name="TC-UI-CAT-U04 Verify that Cancel button returns user to category list"/><testcase name="TC-UI-CAT-U05 Verify that User can sort category list by Name"/></testsuite>