<?xml version="1.0" encoding="UTF-8" standalone="no"?><testsuite errors="0" failures="1" name="Admin &amp; User API – Category Operations" skipped="0" tests="10" time="0.14" timestamp="2026-06-13 05:02:16"><testcase name="TC-API-CAT-A01 Verify that Admin retrieves all categories"><failure message="[Response should be a non-empty list] &#10;Expecting actual not to be empty" type="java.lang.AssertionError">[Response should be a non-empty list] 
Expecting actual not to be empty</failure><system-err>[Response should be a non-empty list] 
Expecting actual not to be empty
qatraining.steps.ApiCategorySteps.verifyResponseIsList(ApiCategorySteps.java:142)
net.thucydides.core.steps.StepInterceptor.invokeMethod(StepInterceptor.java:519)
net.thucydides.core.steps.StepInterceptor.executeTestStepMethod(StepInterceptor.java:499)
net.thucydides.core.steps.StepInterceptor.runTestStep(StepInterceptor.java:471)
net.thucydides.core.steps.StepInterceptor.runOrSkipMethod(StepInterceptor.java:213)
net.thucydides.core.steps.StepInterceptor.testStepResult(StepInterceptor.java:200)
net.thucydides.core.steps.StepInterceptor.intercept(StepInterceptor.java:92)
qatraining.steps.CategoryStepDefs.verifyResponseIsList(CategoryStepDefs.java:154)
io.cucumber.java.Invoker.doInvoke(Invoker.java:66)
io.cucumber.java.Invoker.invoke(Invoker.java:24)
io.cucumber.java.AbstractGlueDefinition.invokeMethod(AbstractGlueDefinition.java:47)
io.cucumber.java.JavaStepDefinition.execute(JavaStepDefinition.java:29)
io.cucumber.core.runner.CoreStepDefinition.execute(CoreStepDefinition.java:66)
io.cucumber.core.runner.PickleStepDefinitionMatch.runStep(PickleStepDefinitionMatch.java:63)
io.cucumber.core.runner.TestStep.executeStep(TestStep.java:84)
io.cucumber.core.runner.TestStep.run(TestStep.java:56)
io.cucumber.core.runner.PickleStepTestStep.run(PickleStepTestStep.java:51)
io.cucumber.core.runner.TestCase.run(TestCase.java:84)
io.cucumber.core.runner.Runner.runPickle(Runner.java:75)
io.cucumber.core.runtime.CucumberExecutionContext.lambda$runTestCase$5(CucumberExecutionContext.java:137)
io.cucumber.core.runtime.RethrowingThrowableCollector.executeAndThrow(RethrowingThrowableCollector.java:23)
io.cucumber.core.runtime.CucumberExecutionContext.runTestCase(CucumberExecutionContext.java:137)
io.cucumber.junit.FeatureRunner.runChild(FeatureRunner.java:144)
io.cucumber.junit.FeatureRunner.runChild(FeatureRunner.java:28)
io.cucumber.junit.FeatureRunner.run(FeatureRunner.java:137)
io.cucumber.junit.CucumberSerenityBaseRunner.runChild(CucumberSerenityBaseRunner.java:332)
io.cucumber.junit.CucumberSerenityBaseRunner.runChild(CucumberSerenityBaseRunner.java:53)
</system-err></testcase><testcase name="TC-API-CAT-A02 Verify that Admin creates a category with valid name"/><testcase name="TC-API-CAT-A03 Verify that Admin updates an existing category"/><testcase name="TC-API-CAT-A04 Verify that Admin deletes an existing category"/><testcase name="TC-API-CAT-A05 Verify that Validation error for name shorter than 3 characters"/><testcase name="TC-API-CAT-U01 Verify that User retrieves all categories"/><testcase name="TC-API-CAT-U02 Verify that User retrieves a single category by ID"/><testcase name="TC-API-CAT-U03 Verify that User receives 403 trying to create a category"/><testcase name="TC-API-CAT-U04 Verify that User receives 403 trying to update a category"/><testcase name="TC-API-CAT-U05 Verify that User receives 403 trying to delete a category"/></testsuite>