<?xml version="1.0" encoding="UTF-8" standalone="no"?><testsuite errors="0" failures="0" name="Authentication Module - UI" skipped="0" tests="10" time="21.44" timestamp="2026-06-13 05:01:53"><testcase name="T-UI-11 - Verify that Valid admin login redirects to the dashboard"/><testcase name="T-UI-12 - Verify that Empty username shows a validation message"/><testcase name="T-UI-13 - Verify that Empty password shows a validation message"/><testcase name="T-UI-14 - Verify that Invalid credentials show a global error message"/><testcase name="T-UI-15 - Verify that Admin logout shows a success message and ends the session"/><testcase name="T-UI-16 - Verify that Valid user login redirects to the dashboard"/><testcase name="T-UI-17 - Verify that Dashboard displays summary information"/><testcase name="T-UI-18 - Verify that Navigation menu highlights the active page"/><testcase name="T-UI-19 - Verify that Unauthenticated access is redirected to login"/><testcase name="T-UI-20 - Verify that Normal user is blocked from an admin-only page "/></testsuite>